<?xml version="1.0" encoding="UTF-8"?>
<coverage generated="1570939107323" clover="3.2.0">
  <project timestamp="1570939107323" name="All files">
    <metrics statements="29" coveredstatements="27" conditionals="17" coveredconditionals="12" methods="5" coveredmethods="4" elements="51" coveredelements="43" complexity="0" loc="29" ncloc="29" packages="1" files="1" classes="1"/>
    <file name="index.js" path="/home/runner/work/simple-keyboard-autocorrect/simple-keyboard-autocorrect/src/index.js">
      <metrics statements="29" coveredstatements="27" conditionals="17" coveredconditionals="12" methods="5" coveredmethods="4"/>
      <line num="4" count="1" type="stmt"/>
      <line num="5" count="1" type="stmt"/>
      <line num="6" count="1" type="stmt"/>
      <line num="7" count="1" type="stmt"/>
      <line num="10" count="1" type="stmt"/>
      <line num="11" count="0" type="stmt"/>
      <line num="14" count="1" type="stmt"/>
      <line num="16" count="1" type="stmt"/>
      <line num="17" count="1" type="stmt"/>
      <line num="19" count="1" type="stmt"/>
      <line num="20" count="4" type="cond" truecount="2" falsecount="0"/>
      <line num="22" count="4" type="stmt"/>
      <line num="23" count="4" type="stmt"/>
      <line num="25" count="4" type="cond" truecount="2" falsecount="0"/>
      <line num="26" count="1" type="stmt"/>
      <line num="27" count="1" type="stmt"/>
      <line num="29" count="1" type="stmt"/>
      <line num="31" count="1" type="cond" truecount="1" falsecount="1"/>
      <line num="32" count="1" type="stmt"/>
      <line num="34" count="1" type="cond" truecount="1" falsecount="1"/>
      <line num="39" count="1" type="stmt"/>
      <line num="40" count="1" type="stmt"/>
      <line num="41" count="1" type="stmt"/>
      <line num="42" count="1" type="stmt"/>
      <line num="44" count="1" type="cond" truecount="1" falsecount="1"/>
      <line num="45" count="1" type="stmt"/>
      <line num="50" count="4" type="cond" truecount="1" falsecount="1"/>
      <line num="54" count="0" type="stmt"/>
      <line num="60" count="4" type="stmt"/>
    </file>
  </project>
</coverage>
