{"/home/runner/work/simple-keyboard-autocorrect/simple-keyboard-autocorrect/src/index.js": {"path":"/home/runner/work/simple-keyboard-autocorrect/simple-keyboard-autocorrect/src/index.js","statementMap":{"0":{"start":{"line":4,"column":9},"end":{"line":63,"column":3}},"1":{"start":{"line":5,"column":4},"end":{"line":62,"column":7}},"2":{"start":{"line":6,"column":6},"end":{"line":8,"column":8}},"3":{"start":{"line":7,"column":8},"end":{"line":7,"column":47}},"4":{"start":{"line":10,"column":6},"end":{"line":12,"column":8}},"5":{"start":{"line":11,"column":8},"end":{"line":11,"column":43}},"6":{"start":{"line":14,"column":6},"end":{"line":14,"column":61}},"7":{"start":{"line":16,"column":6},"end":{"line":16,"column":21}},"8":{"start":{"line":17,"column":6},"end":{"line":17,"column":67}},"9":{"start":{"line":19,"column":6},"end":{"line":61,"column":8}},"10":{"start":{"line":20,"column":21},"end":{"line":20,"column":68}},"11":{"start":{"line":22,"column":32},"end":{"line":22,"column":34}},"12":{"start":{"line":23,"column":24},"end":{"line":23,"column":26}},"13":{"start":{"line":25,"column":8},"end":{"line":48,"column":9}},"14":{"start":{"line":26,"column":22},"end":{"line":26,"column":41}},"15":{"start":{"line":27,"column":27},"end":{"line":27,"column":43}},"16":{"start":{"line":29,"column":10},"end":{"line":29,"column":56}},"17":{"start":{"line":31,"column":10},"end":{"line":47,"column":11}},"18":{"start":{"line":32,"column":12},"end":{"line":32,"column":63}},"19":{"start":{"line":34,"column":12},"end":{"line":46,"column":13}},"20":{"start":{"line":39,"column":41},"end":{"line":39,"column":64}},"21":{"start":{"line":40,"column":14},"end":{"line":40,"column":71}},"22":{"start":{"line":41,"column":14},"end":{"line":41,"column":54}},"23":{"start":{"line":42,"column":14},"end":{"line":42,"column":66}},"24":{"start":{"line":44,"column":14},"end":{"line":45,"column":78}},"25":{"start":{"line":45,"column":16},"end":{"line":45,"column":78}},"26":{"start":{"line":50,"column":8},"end":{"line":58,"column":9}},"27":{"start":{"line":54,"column":10},"end":{"line":57,"column":12}},"28":{"start":{"line":60,"column":8},"end":{"line":60,"column":46}}},"fnMap":{"0":{"name":"(anonymous_0)","decl":{"start":{"line":4,"column":9},"end":{"line":4,"column":10}},"loc":{"start":{"line":4,"column":21},"end":{"line":63,"column":3}},"line":4},"1":{"name":"(anonymous_1)","decl":{"start":{"line":5,"column":43},"end":{"line":5,"column":44}},"loc":{"start":{"line":5,"column":53},"end":{"line":62,"column":5}},"line":5},"2":{"name":"(anonymous_2)","decl":{"start":{"line":6,"column":29},"end":{"line":6,"column":30}},"loc":{"start":{"line":6,"column":43},"end":{"line":8,"column":7}},"line":6},"3":{"name":"(anonymous_3)","decl":{"start":{"line":10,"column":19},"end":{"line":10,"column":20}},"loc":{"start":{"line":10,"column":29},"end":{"line":12,"column":7}},"line":10},"4":{"name":"(anonymous_4)","decl":{"start":{"line":19,"column":37},"end":{"line":19,"column":38}},"loc":{"start":{"line":19,"column":47},"end":{"line":61,"column":7}},"line":19}},"branchMap":{"0":{"loc":{"start":{"line":20,"column":21},"end":{"line":20,"column":68}},"type":"binary-expr","locations":[{"start":{"line":20,"column":21},"end":{"line":20,"column":55}},{"start":{"line":20,"column":59},"end":{"line":20,"column":68}}],"line":20},"1":{"loc":{"start":{"line":25,"column":8},"end":{"line":48,"column":9}},"type":"if","locations":[{"start":{"line":25,"column":8},"end":{"line":48,"column":9}},{"start":{"line":25,"column":8},"end":{"line":48,"column":9}}],"line":25},"2":{"loc":{"start":{"line":31,"column":10},"end":{"line":47,"column":11}},"type":"if","locations":[{"start":{"line":31,"column":10},"end":{"line":47,"column":11}},{"start":{"line":31,"column":10},"end":{"line":47,"column":11}}],"line":31},"3":{"loc":{"start":{"line":34,"column":12},"end":{"line":46,"column":13}},"type":"if","locations":[{"start":{"line":34,"column":12},"end":{"line":46,"column":13}},{"start":{"line":34,"column":12},"end":{"line":46,"column":13}}],"line":34},"4":{"loc":{"start":{"line":35,"column":14},"end":{"line":37,"column":58}},"type":"binary-expr","locations":[{"start":{"line":35,"column":14},"end":{"line":35,"column":31}},{"start":{"line":36,"column":14},"end":{"line":36,"column":31}},{"start":{"line":37,"column":14},"end":{"line":37,"column":58}}],"line":35},"5":{"loc":{"start":{"line":44,"column":14},"end":{"line":45,"column":78}},"type":"if","locations":[{"start":{"line":44,"column":14},"end":{"line":45,"column":78}},{"start":{"line":44,"column":14},"end":{"line":45,"column":78}}],"line":44},"6":{"loc":{"start":{"line":50,"column":8},"end":{"line":58,"column":9}},"type":"if","locations":[{"start":{"line":50,"column":8},"end":{"line":58,"column":9}},{"start":{"line":50,"column":8},"end":{"line":58,"column":9}}],"line":50},"7":{"loc":{"start":{"line":51,"column":10},"end":{"line":52,"column":19}},"type":"binary-expr","locations":[{"start":{"line":51,"column":10},"end":{"line":51,"column":72}},{"start":{"line":52,"column":10},"end":{"line":52,"column":19}}],"line":51}},"s":{"0":1,"1":1,"2":1,"3":1,"4":1,"5":0,"6":1,"7":1,"8":1,"9":1,"10":4,"11":4,"12":4,"13":4,"14":1,"15":1,"16":1,"17":1,"18":1,"19":1,"20":1,"21":1,"22":1,"23":1,"24":1,"25":1,"26":4,"27":0,"28":4},"f":{"0":1,"1":1,"2":1,"3":0,"4":4},"b":{"0":[4,4],"1":[1,3],"2":[1,0],"3":[1,0],"4":[1,1,1],"5":[1,0],"6":[0,4],"7":[4,0]},"_coverageSchema":"43e27e138ebf9cfc5966b082cf9a028302ed4184","hash":"cf9b88cac3e346c3e31fb507d6a422a4e41f0125"}
}
