TN:
SF:/home/runner/work/simple-keyboard-autocorrect/simple-keyboard-autocorrect/src/index.js
FN:4,(anonymous_0)
FN:5,(anonymous_1)
FN:6,(anonymous_2)
FN:10,(anonymous_3)
FN:19,(anonymous_4)
FNF:5
FNH:4
FNDA:1,(anonymous_0)
FNDA:1,(anonymous_1)
FNDA:1,(anonymous_2)
FNDA:0,(anonymous_3)
FNDA:4,(anonymous_4)
DA:4,1
DA:5,1
DA:6,1
DA:7,1
DA:10,1
DA:11,0
DA:14,1
DA:16,1
DA:17,1
DA:19,1
DA:20,4
DA:22,4
DA:23,4
DA:25,4
DA:26,1
DA:27,1
DA:29,1
DA:31,1
DA:32,1
DA:34,1
DA:39,1
DA:40,1
DA:41,1
DA:42,1
DA:44,1
DA:45,1
DA:50,4
DA:54,0
DA:60,4
LF:29
LH:27
BRDA:20,0,0,4
BRDA:20,0,1,4
BRDA:25,1,0,1
BRDA:25,1,1,3
BRDA:31,2,0,1
BRDA:31,2,1,0
BRDA:34,3,0,1
BRDA:34,3,1,0
BRDA:35,4,0,1
BRDA:35,4,1,1
BRDA:35,4,2,1
BRDA:44,5,0,1
BRDA:44,5,1,0
BRDA:50,6,0,0
BRDA:50,6,1,4
BRDA:51,7,0,4
BRDA:51,7,1,0
BRF:17
BRH:12
end_of_record
